{"C:\\DEV014-movie-challenge\\src\\Api.js": {"path":"C:\\DEV014-movie-challenge\\src\\Api.js","statementMap":{"0":{"start":{"line":2,"column":17},"end":{"line":2,"column":80}},"1":{"start":{"line":3,"column":2},"end":{"line":15,"column":3}},"2":{"start":{"line":4,"column":21},"end":{"line":4,"column":40}},"3":{"start":{"line":6,"column":4},"end":{"line":8,"column":5}},"4":{"start":{"line":7,"column":6},"end":{"line":7,"column":76}},"5":{"start":{"line":9,"column":17},"end":{"line":9,"column":38}},"6":{"start":{"line":11,"column":4},"end":{"line":11,"column":24}},"7":{"start":{"line":14,"column":4},"end":{"line":14,"column":14}}},"fnMap":{"0":{"name":"fetchMovies","decl":{"start":{"line":1,"column":22},"end":{"line":1,"column":33}},"loc":{"start":{"line":1,"column":42},"end":{"line":16,"column":1}},"line":1}},"branchMap":{"0":{"loc":{"start":{"line":6,"column":4},"end":{"line":8,"column":5}},"type":"if","locations":[{"start":{"line":6,"column":4},"end":{"line":8,"column":5}},{"start":{},"end":{}}],"line":6}},"s":{"0":0,"1":0,"2":0,"3":0,"4":0,"5":0,"6":0,"7":0},"f":{"0":0},"b":{"0":[0,0]}}
,"C:\\DEV014-movie-challenge\\src\\cards.js": {"path":"C:\\DEV014-movie-challenge\\src\\cards.js","statementMap":{"0":{"start":{"line":2,"column":20},"end":{"line":2,"column":48}},"1":{"start":{"line":3,"column":2},"end":{"line":3,"column":40}},"2":{"start":{"line":5,"column":2},"end":{"line":25,"column":5}},"3":{"start":{"line":6,"column":22},"end":{"line":6,"column":50}},"4":{"start":{"line":7,"column":4},"end":{"line":7,"column":36}},"5":{"start":{"line":9,"column":24},"end":{"line":9,"column":53}},"6":{"start":{"line":10,"column":4},"end":{"line":10,"column":75}},"7":{"start":{"line":11,"column":4},"end":{"line":11,"column":42}},"8":{"start":{"line":12,"column":4},"end":{"line":12,"column":40}},"9":{"start":{"line":14,"column":26},"end":{"line":14,"column":54}},"10":{"start":{"line":15,"column":4},"end":{"line":15,"column":52}},"11":{"start":{"line":17,"column":24},"end":{"line":17,"column":55}},"12":{"start":{"line":18,"column":24},"end":{"line":18,"column":51}},"13":{"start":{"line":19,"column":4},"end":{"line":19,"column":42}},"14":{"start":{"line":21,"column":4},"end":{"line":21,"column":39}},"15":{"start":{"line":22,"column":4},"end":{"line":22,"column":41}},"16":{"start":{"line":23,"column":4},"end":{"line":23,"column":39}},"17":{"start":{"line":24,"column":4},"end":{"line":24,"column":37}},"18":{"start":{"line":26,"column":2},"end":{"line":26,"column":18}}},"fnMap":{"0":{"name":"createCards","decl":{"start":{"line":1,"column":16},"end":{"line":1,"column":27}},"loc":{"start":{"line":1,"column":40},"end":{"line":27,"column":1}},"line":1},"1":{"name":"(anonymous_1)","decl":{"start":{"line":5,"column":21},"end":{"line":5,"column":22}},"loc":{"start":{"line":5,"column":29},"end":{"line":25,"column":3}},"line":5}},"branchMap":{},"s":{"0":1,"1":1,"2":1,"3":2,"4":2,"5":2,"6":2,"7":2,"8":2,"9":2,"10":2,"11":2,"12":2,"13":2,"14":2,"15":2,"16":2,"17":2,"18":1},"f":{"0":1,"1":2},"b":{},"_coverageSchema":"1a1c01bbd47fc00a2c39e90264f33305004495a9","hash":"94c293cd44ee9d8f9f6d6f60cd680d59a0602652"}
,"C:\\DEV014-movie-challenge\\src\\main.js": {"path":"C:\\DEV014-movie-challenge\\src\\main.js","statementMap":{"0":{"start":{"line":4,"column":16},"end":{"line":4,"column":47}},"1":{"start":{"line":5,"column":0},"end":{"line":5,"column":23}},"2":{"start":{"line":7,"column":12},"end":{"line":7,"column":46}},"3":{"start":{"line":8,"column":0},"end":{"line":14,"column":5}},"4":{"start":{"line":10,"column":23},"end":{"line":10,"column":42}},"5":{"start":{"line":11,"column":4},"end":{"line":11,"column":36}}},"fnMap":{"0":{"name":"(anonymous_0)","decl":{"start":{"line":9,"column":8},"end":{"line":9,"column":9}},"loc":{"start":{"line":9,"column":18},"end":{"line":14,"column":3}},"line":9}},"branchMap":{},"s":{"0":0,"1":0,"2":0,"3":0,"4":0,"5":0},"f":{"0":0},"b":{}}
,"C:\\DEV014-movie-challenge\\src\\components\\App.spec.js": {"path":"C:\\DEV014-movie-challenge\\src\\components\\App.spec.js","statementMap":{},"fnMap":{},"branchMap":{},"s":{},"f":{},"b":{}}
}
